<?xml version="1.0" encoding="UTF-8"?>
<!-- Generated by org.testng.reporters.JUnitReportReporter -->
<testsuite skipped="0" hostname="LAPTOP-CG535SMD" name="testcases.TC_003_LoginDDT" tests="4" failures="0" timestamp="2021-10-26T08:51:50 IST" time="53.375" errors="0">
  <testcase name="test_LoginDDT" time="14.819" classname="testcases.TC_003_LoginDDT"/>
  <system-out/>
  <testcase name="test_LoginDDT" time="9.255" classname="testcases.TC_003_LoginDDT"/>
  <system-out/>
  <testcase name="test_LoginDDT" time="14.523" classname="testcases.TC_003_LoginDDT"/>
  <system-out/>
  <testcase name="test_LoginDDT" time="14.778" classname="testcases.TC_003_LoginDDT"/>
  <system-out/>
</testsuite> <!-- testcases.TC_003_LoginDDT -->
