<?xml version="1.0" encoding="UTF-8"?>
<!-- Generated by org.testng.reporters.JUnitReportReporter -->
<testsuite skipped="0" hostname="LAPTOP-CG535SMD" name="testcases.TC_002_Login" tests="1" failures="0" timestamp="2021-10-26T08:55:04 IST" time="6.720" errors="0">
  <testcase name="test_Login" time="6.720" classname="testcases.TC_002_Login"/>
  <system-out/>
</testsuite> <!-- testcases.TC_002_Login -->
